<?xml version="1.0" encoding="UTF-8"?>
<!-- Generated by org.testng.reporters.JUnitXMLReporter -->
<testsuite ignored="1" hostname="pavani" failures="0" tests="3" name="Test" time="0.048" errors="0" timestamp="2024-04-19T17:03:30 IST">
  <testcase classname="revision.disbladTC" name="TC1" time="0.007"/>
  <testcase classname="revision.disbladTC" name="TC3" time="0.001"/>
  <testcase classname="revision.disbladTC" name="TC4" time="0.002"/>
  <testcase classname="revision.disbladTC" name="TC2" time="0.0">
    <ignored/>
  </testcase> <!-- TC2 -->
</testsuite> <!-- Test -->
